2016-02-01 15:20:31.336 UTC INFOS [admin1] Initializing PRIMARY Admin for store: kvstore
2016-02-01 15:20:31.337 UTC INFOS [admin1] Created new admin environment dir: ./kvroot/kvstore/sn1/admin1/env
2016-02-01 15:20:31.337 UTC INFOS [admin1] JVM Runtime maxMemory (bytes): 1840250880
2016-02-01 15:20:31.358 UTC INFOS [admin1] Non-default JE properties for environment: {je.rep.vlsn.logCacheSize=128, je.rep.envUnknownStateTimeout=10 s, je.log.faultReadSize=4096, je.rep.vlsn.distance=1000000, je.rep.replicaTimeout=10 s, je.env.runEvictor=true, je.cleaner.minUtilization=40, je.rep.replicaAckTimeout=5 s, je.lock.nLockTables=97, je.cleaner.threads=2, je.rep.replayMaxOpenDbHandles=100, je.log.writeQueueSize=2097152, je.evictor.criticalPercentage=20, je.log.iteratorReadSize=1048576, je.log.numBuffers=16, je.rep.feederTimeout=10 s, je.nodeMaxEntries=128, je.lock.timeout=10 s, je.rep.bindInaddrAny=true, je.rep.preHeartbeatTimeoutMs=5000000000, je.rep.consistencyPolicy=NoConsistencyRequiredPolicy, je.checkpointer.bytesInterval=500000000, je.txn.durability=write_no_sync,write_no_sync,simple_majority, je.cleaner.readSize=1048576, je.rep.ignoreSecondaryNodeId=true, je.rep.txnRollbackLimit=10, je.log.fileCacheSize=2000, je.log.fileMax=1073741824}
2016-02-01 15:20:31.365 UTC INFOS [admin1] DataChannelFactory: basic
2016-02-01 15:20:31.367 UTC INFOS [admin1] AdminStateTracker thread start: admin1
2016-02-01 15:20:31.627 UTC INFOS [admin1] JE recovery: POPULATE_UTILIZATION_PROFILE
2016-02-01 15:20:31.642 UTC INFOS [admin1] JE recovery: REMOVE_TEMP_DBS
2016-02-01 15:20:31.655 UTC INFOS [admin1] JE recovery: CKPT
2016-02-01 15:20:31.669 UTC INFOS [admin1] JE recovery: RECOVERY_FINISHED
2016-02-01 15:20:31.684 UTC INFOS [admin1] JE: Started ServiceDispatcher. HostPort=pcj305:5005
2016-02-01 15:20:31.684 UTC INFOS [admin1] JE: DataChannel factory: com.sleepycat.je.rep.utilint.net.SimpleChannelFactory
2016-02-01 15:20:31.736 UTC INFOS [admin1] JE: Current group size: 0
2016-02-01 15:20:31.736 UTC INFOS [admin1] JE: New node 1(-1) unknown to rep group
2016-02-01 15:20:31.737 UTC INFOS [admin1] JE: Master changed to 1
2016-02-01 15:20:31.737 UTC INFOS [admin1] JE: Nascent group. 1 is master by virtue of being the first node.
2016-02-01 15:20:31.747 UTC INFOS [admin1] JE: Successfully added node:1(1) HostPort = pcj305: 5005 [ELECTABLE]
2016-02-01 15:20:31.748 UTC INFOS [admin1] JE: Refreshed 0 monitors.
2016-02-01 15:20:31.751 UTC INFOS [admin1] JE recovery: BECOME_CONSISTENT
2016-02-01 15:20:31.751 UTC INFOS [admin1] JE: Node 1 started
2016-02-01 15:20:31.752 UTC INFOS [admin1] JE: Feeder manager accepting requests.
2016-02-01 15:20:31.753 UTC INFOS [admin1] JE: Joining group as master
2016-02-01 15:20:31.754 UTC INFOS [admin1] JE: Refreshed 0 monitors.
2016-02-01 15:20:31.755 UTC INFOS [admin1] State change event: Mon Feb 01 16:20:31 CET 2016, State: MASTER, Type: PRIMARY, Master: 1
2016-02-01 15:20:31.756 UTC INFOS [admin1] AdminStateTracker queue added:MASTER
2016-02-01 15:20:31.762 UTC INFOS [admin1] Initializing Admin Schema to schema version 4/NoSQL DB 12cR1.3.5.2 2015-12-03 08:34:31 UTC  Build id: 0c693aa1a5a0
2016-02-01 15:20:31.814 UTC INFOS [admin1] Open Admin entity DB: AdminPlanDatabase
2016-02-01 15:20:31.815 UTC INFOS [admin1] Admin plan database initialized
2016-02-01 15:20:31.815 UTC INFOS [admin1] Initialized plan store to PlanDatabaseStore
2016-02-01 15:20:31.815 UTC PRÉCIS Closing StorewideLoggingView
2016-02-01 15:20:31.879 UTC INFOS [admin1] Initializing Admin database
2016-02-01 15:20:31.966 UTC INFOS [admin1] Admin database initialized
2016-02-01 15:20:31.975 UTC INFOS [admin1] Replicated environment handle established. Cache size: 1104150528, State: MASTER
2016-02-01 15:20:31.976 UTC INFOS [admin1] Configured Admin for store: kvstore
2016-02-01 15:20:31.977 UTC INFOS [admin1] Starting Web service on port 5001
2016-02-01 15:20:32.006 UTC INFOS [admin1] jetty-7.4.0.v20110414
2016-02-01 15:20:32.090 UTC INFOS [admin1] Extract jar:file:/adhome/p/pa/pallamidessi/TDR/kv-3.5.2/lib/kvstore.jar!/war/KVAdminUI/ to /adhome/p/pa/pallamidessi/TDR/kv-3.5.2/kvroot/kvstore/sn1/admin1/webapp/webapp
2016-02-01 15:20:33.085 UTC INFOS [admin1] NO JSP Support for /, did not find org.apache.jasper.servlet.JspServlet
2016-02-01 15:20:33.104 UTC INFOS [admin1] started o.e.j.w.WebAppContext{/,file:/adhome/p/pa/pallamidessi/TDR/kv-3.5.2/kvroot/kvstore/sn1/admin1/webapp/webapp/},jar:file:/adhome/p/pa/pallamidessi/TDR/kv-3.5.2/lib/kvstore.jar!/war/KVAdminUI
2016-02-01 15:20:33.122 UTC INFOS [admin1] Started SelectChannelConnector@0.0.0.0:5001 STARTING
2016-02-01 15:20:33.150 UTC INFOS [admin1] PlanStateChange [id=1 name=Deploy KVLite state=APPROVED at 2016-02-01 15:20:33 UTC numAttempts=0 : approval requested]
2016-02-01 15:20:33.151 UTC INFOS [admin1] Plan 1[Deploy KVLite] approved
2016-02-01 15:20:33.155 UTC INFOS [admin1] PlanStateChange [id=1 name=Deploy KVLite state=RUNNING at 2016-02-01 15:20:33 UTC numAttempts=1 : Plan is starting]
2016-02-01 15:20:33.155 UTC INFOS [admin1] Plan 1[Deploy KVLite]: started, 1 tasks
2016-02-01 15:20:33.185 UTC INFOS [admin1] Plan 1[Deploy KVLite]: task 1 [DeployDatacenter zone=KVLite] started
2016-02-01 15:20:33.189 UTC INFOS [admin1] Plan 1[Deploy KVLite]: task 1 [DeployDatacenter zone=KVLite] ended, state=SUCCEEDED
2016-02-01 15:20:33.190 UTC INFOS [admin1] PlanStateChange [id=1 name=Deploy KVLite state=SUCCEEDED at 2016-02-01 15:20:33 UTC numAttempts=1 : Plan finished.]
2016-02-01 15:20:33.192 UTC INFOS [admin1] Plan 1[Deploy KVLite]: ended, state=SUCCEEDED
2016-02-01 15:20:33.193 UTC INFOS [admin1] Waiting for Plan 1[Deploy KVLite] ended, state=SUCCEEDED
2016-02-01 15:20:33.211 UTC INFOS [admin1] PlanStateChange [id=2 name=Deploy Storage Node state=APPROVED at 2016-02-01 15:20:33 UTC numAttempts=0 : approval requested]
2016-02-01 15:20:33.213 UTC INFOS [admin1] Plan 2[Deploy Storage Node] approved
2016-02-01 15:20:33.214 UTC INFOS [admin1] PlanStateChange [id=2 name=Deploy Storage Node state=RUNNING at 2016-02-01 15:20:33 UTC numAttempts=1 : Plan is starting]
2016-02-01 15:20:33.214 UTC INFOS [admin1] Plan 2[Deploy Storage Node]: started, 1 tasks
2016-02-01 15:20:33.217 UTC INFOS [admin1] Plan 2[Deploy Storage Node]: task 1 [DeploySN sn1(pcj305:5000)] started
2016-02-01 15:20:33.307 UTC INFOS [admin1] Monitor collector: adding sn1 to monitoring
2016-02-01 15:20:33.311 UTC INFOS [admin1] Plan 2[Deploy Storage Node]: task 1 [DeploySN sn1(pcj305:5000)] ended, state=SUCCEEDED
2016-02-01 15:20:33.312 UTC INFOS [admin1] PlanStateChange [id=2 name=Deploy Storage Node state=SUCCEEDED at 2016-02-01 15:20:33 UTC numAttempts=1 : Plan finished.]
2016-02-01 15:20:33.315 UTC INFOS [admin1] Plan 2[Deploy Storage Node]: ended, state=SUCCEEDED
2016-02-01 15:20:33.315 UTC INFOS [admin1] Waiting for Plan 2[Deploy Storage Node] ended, state=SUCCEEDED
2016-02-01 15:20:33.260 UTC INFOS [sn1] Starting StorageNodeAgent for kvstore
2016-02-01 15:20:33.273 UTC INFOS [sn1] Started MasterRebalanceThread
2016-02-01 15:20:33.279 UTC INFOS [sn1] Starting MonitorAgent.  Server socket factory:<ClearServerSocketFactory name=main backlog=0 port range=0,0> Client socket factory:<ClientSocketFactory name=kvstore|sn|monitor id=1002105034 connectMs=10000 readMs=5000>
2016-02-01 15:20:33.286 UTC INFOS [sn1] Successfully created secure proxy for the storage node agent
2016-02-01 15:20:33.289 UTC INFOS [sn1] Rebound to registry port 5000 using name sn1 with SSF:<ClearServerSocketFactory name=main backlog=0 port range=0,0>
2016-02-01 15:20:33.290 UTC INFOS [sn1] Service status changed from STARTING to RUNNING
2016-02-01 15:20:33.320 UTC INFOS [admin1] [sn1] Service status: RUNNING 2016-02-01 15:20:33 UTC
2016-02-01 15:20:33.290 UTC INFOS [sn1] Started StorageNodeAgent for kvstore
2016-02-01 15:20:33.344 UTC INFOS [admin1] PlanStateChange [id=3 name=Deploy Admin Service state=APPROVED at 2016-02-01 15:20:33 UTC numAttempts=0 : approval requested]
2016-02-01 15:20:33.345 UTC INFOS [admin1] Plan 3[Deploy Admin Service] approved
2016-02-01 15:20:33.346 UTC INFOS [admin1] PlanStateChange [id=3 name=Deploy Admin Service state=RUNNING at 2016-02-01 15:20:33 UTC numAttempts=1 : Plan is starting]
2016-02-01 15:20:33.346 UTC INFOS [admin1] Plan 3[Deploy Admin Service]: started, 2 tasks
2016-02-01 15:20:33.356 UTC INFOS [admin1] Plan 3[Deploy Admin Service]: task 1 [DeployAdmin AdminId[admin1] on SNId[sn1]] started
2016-02-01 15:20:33.387 UTC INFOS [admin1] newParameters called for Monitor
2016-02-01 15:20:33.389 UTC INFOS [admin1] Plan 3[Deploy Admin Service]: task 1 [DeployAdmin AdminId[admin1] on SNId[sn1]] ended, state=SUCCEEDED
2016-02-01 15:20:33.389 UTC INFOS [admin1] Plan 3[Deploy Admin Service]: task 2 [WaitForAdminState waits for Admin admin1 to reach RUNNING state] started
2016-02-01 15:20:33.395 UTC INFOS [admin1] Plan 3[Deploy Admin Service]: task 2 [WaitForAdminState waits for Admin admin1 to reach RUNNING state] ended, state=SUCCEEDED
2016-02-01 15:20:33.395 UTC INFOS [admin1] PlanStateChange [id=3 name=Deploy Admin Service state=SUCCEEDED at 2016-02-01 15:20:33 UTC numAttempts=1 : Plan finished.]
2016-02-01 15:20:33.397 UTC INFOS [admin1] Plan 3[Deploy Admin Service]: ended, state=SUCCEEDED
2016-02-01 15:20:33.397 UTC INFOS [admin1] Waiting for Plan 3[Deploy Admin Service] ended, state=SUCCEEDED
2016-02-01 15:20:33.400 UTC INFOS [admin1] Created Storage Node Pool: KVLitePool
2016-02-01 15:20:33.406 UTC INFOS [admin1] Added Storage Node sn1 to pool: KVLitePool
2016-02-01 15:20:33.418 UTC INFOS [admin1] oracle.kv.impl.admin.topo.TopologyCandidate@db0fd5d has nothing to rebalance
2016-02-01 15:20:33.487 UTC INFOS [admin1] PlanStateChange [id=4 name=Deploy KVStore state=APPROVED at 2016-02-01 15:20:33 UTC numAttempts=0 : approval requested]
2016-02-01 15:20:33.488 UTC INFOS [admin1] Plan 4[Deploy KVStore] approved
2016-02-01 15:20:33.491 UTC INFOS [admin1] Plan 4[Deploy KVStore] deploying topology candidate KVLite.
2016-02-01 15:20:33.493 UTC INFOS [admin1] Current topology: store=kvstore  numPartitions=0 sequence=2
  zn: id=zn1 name=KVLite repFactor=1 type=PRIMARY

  sn=[sn1] zn:[id=zn1 name=KVLite] pcj305:5000


2016-02-01 15:20:33.493 UTC INFOS [admin1] Preview of changes to be executed by Plan 4[Deploy KVStore]:
Topology transformation from current deployed topology to KVLite:
Create 1 shard 
Create 1 RN 
Create 10 partitions 

shard rg1
  1 new RN : rg1-rn1 
  10 new partitions 

2016-02-01 15:20:33.494 UTC INFOS [admin1] Target topology candidate: KVLite
store=kvstore  numPartitions=10 sequence=14
  zn: id=zn1 name=KVLite repFactor=1 type=PRIMARY

  sn=[sn1] zn:[id=zn1 name=KVLite] pcj305:5000
    [rg1-rn1]

  shard=[rg1] num partitions=10
    [rg1-rn1] sn=sn1

2016-02-01 15:20:33.494 UTC INFOS [admin1] PlanStateChange [id=4 name=Deploy KVStore state=RUNNING at 2016-02-01 15:20:33 UTC numAttempts=1 : Plan is starting]
2016-02-01 15:20:33.494 UTC INFOS [admin1] Plan 4[Deploy KVStore]: started, 8 tasks
2016-02-01 15:20:33.496 UTC INFOS [admin1] Plan 4[Deploy KVStore]: task 1 [UpdateDatacenterV2 zone=zn1] started
2016-02-01 15:20:33.498 UTC INFOS [admin1] Plan 4[Deploy KVStore]: task 1 [UpdateDatacenterV2 zone=zn1] ended, state=SUCCEEDED
2016-02-01 15:20:33.499 UTC INFOS [admin1] Plan 4[Deploy KVStore]: task 2 [DeployShard on [sn1] zn:[id=zn1 name=KVLite] pcj305:5000 ] started
2016-02-01 15:20:33.508 UTC INFOS [admin1] Plan 4[Deploy KVStore]: task 2 [DeployShard rg1 on [sn1] zn:[id=zn1 name=KVLite] pcj305:5000 ] ended, state=SUCCEEDED
2016-02-01 15:20:33.509 UTC INFOS [admin1] Plan 4[Deploy KVStore]: task 3 [DeployNewRN on sn1(pcj305:5000)] started
2016-02-01 15:20:33.513 UTC INFOS [admin1] Creating rg1-rn1 on sn1 haPort=pcj305:5 006 helpers=pcj305:5006 storage directory=null heapMB=unspecified cacheSize=unspecified -XX:ParallelGCThreads=4
2016-02-01 15:20:34.641 UTC INFOS [admin1] Monitor collector: adding rg1-rn1 to monitoring
2016-02-01 15:20:34.644 UTC INFOS [admin1] Plan 4[Deploy KVStore]: task 3 [DeployNewRN rg1-rn1 on sn1(pcj305:5000)] ended, state=SUCCEEDED
2016-02-01 15:20:34.644 UTC INFOS [admin1] Plan 4[Deploy KVStore]: task 4 [UpdateNthRNHelperHost] started
2016-02-01 15:20:33.589 UTC INFOS [rg1-rn1] Thread[KV_rg1-rn1_RepNodeStateUpdateThread,5,RMI Runtime] started
2016-02-01 15:20:33.600 UTC INFOS [rg1-rn1] NoSQL version:12cR1.3.5.2 2015-12-03 08:34:31 UTC  Build id: 0c693aa1a5a0 JE version:6.4.15 Java version:1.7.0_79
2016-02-01 15:20:33.600 UTC INFOS [rg1-rn1] JVM Runtime maxMemory:1 797 120 kB JE cache size:0 kB Max Offheap cache size:0 kB
2016-02-01 15:20:33.601 UTC INFOS [rg1-rn1] Non-default JE properties for environment: {je.rep.vlsn.logCacheSize=128, je.rep.envUnknownStateTimeout=10 s, je.log.faultReadSize=4096, je.rep.vlsn.distance=1000000, je.rep.replicaTimeout=10 s, je.env.runEvictor=true, je.cleaner.minUtilization=40, je.rep.replicaAckTimeout=5 s, je.lock.nLockTables=97, je.cleaner.threads=2, je.rep.replayMaxOpenDbHandles=100, je.log.writeQueueSize=2097152, je.evictor.criticalPercentage=20, je.log.iteratorReadSize=1048576, je.log.numBuffers=16, je.rep.feederTimeout=10 s, je.nodeMaxEntries=128, je.lock.timeout=10 s, je.rep.preHeartbeatTimeoutMs=5000000000, je.rep.consistencyPolicy=NoConsistencyRequiredPolicy, je.checkpointer.bytesInterval=500000000, je.txn.durability=write_no_sync,write_no_sync,simple_majority, je.cleaner.readSize=1048576, je.rep.ignoreSecondaryNodeId=true, je.rep.txnRollbackLimit=10, je.log.fileCacheSize=2000, je.log.fileMax=1073741824}
2016-02-01 15:20:33.601 UTC INFOS [rg1-rn1] DataChannelFactory: basic
2016-02-01 15:20:33.602 UTC INFOS [rg1-rn1] Created new environment dir: ./kvroot/kvstore/sn1/rg1-rn1/env
2016-02-01 15:20:33.606 UTC INFOS [rg1-rn1] Table manager created
2016-02-01 15:20:33.608 UTC INFOS [rg1-rn1] Partition database cache mode: EVICT_LN
2016-02-01 15:20:33.616 UTC INFOS [rg1-rn1] Thread[KV_rg1-rn1_MetadataUpdateThread,5,RMI Runtime] started
2016-02-01 15:20:33.639 UTC INFOS [rg1-rn1] Starting RepNodeService
2016-02-01 15:20:33.640 UTC INFOS [rg1-rn1] Starting RN MonitorAgent.  Server socket factory:<ClearServerSocketFactory name=monitor backlog=0 port range=0,0> Client socket connect factory: <ClientSocketFactory name=kvstore|rn|monitor id=1512468721 connectMs=10000 readMs=10000>
2016-02-01 15:20:33.655 UTC INFOS [rg1-rn1] Starting MonitorAgent
2016-02-01 15:20:33.667 UTC INFOS [rg1-rn1] Successfully created secure proxy for the repnode admin
2016-02-01 15:20:33.680 UTC INFOS [rg1-rn1] RepNodeAdmin registered
2016-02-01 15:20:33.708 UTC INFOS [rg1-rn1] JE recovery: POPULATE_UTILIZATION_PROFILE
2016-02-01 15:20:33.710 UTC INFOS [rg1-rn1] JE recovery: REMOVE_TEMP_DBS
2016-02-01 15:20:33.712 UTC INFOS [rg1-rn1] JE recovery: CKPT
2016-02-01 15:20:33.720 UTC INFOS [rg1-rn1] JE recovery: RECOVERY_FINISHED
2016-02-01 15:20:33.726 UTC INFOS [rg1-rn1] JE: Started ServiceDispatcher. HostPort=pcj305:5006
2016-02-01 15:20:34.647 UTC INFOS [admin1] Plan 4[Deploy KVStore]: task 4 [UpdateNthRNHelperHost] ended, state=SUCCEEDED
2016-02-01 15:20:33.726 UTC INFOS [rg1-rn1] JE: DataChannel factory: com.sleepycat.je.rep.utilint.net.SimpleChannelFactory
2016-02-01 15:20:33.734 UTC INFOS [rg1-rn1] JE: Current group size: 0
2016-02-01 15:20:34.647 UTC INFOS [admin1] Plan 4[Deploy KVStore]: task 5 [NewNthRNParameters] started
2016-02-01 15:20:33.735 UTC INFOS [rg1-rn1] JE: New node rg1-rn1(-1) unknown to rep group
2016-02-01 15:20:33.735 UTC INFOS [rg1-rn1] JE: Master changed to rg1-rn1
2016-02-01 15:20:33.735 UTC INFOS [rg1-rn1] JE: Nascent group. rg1-rn1 is master by virtue of being the first node.
2016-02-01 15:20:33.741 UTC INFOS [rg1-rn1] JE: Successfully added node:rg1-rn1(1) HostPort = pcj305: 5006 [ELECTABLE]
2016-02-01 15:20:33.742 UTC INFOS [rg1-rn1] JE: Refreshed 0 monitors.
2016-02-01 15:20:33.743 UTC INFOS [rg1-rn1] JE recovery: BECOME_CONSISTENT
2016-02-01 15:20:33.744 UTC INFOS [rg1-rn1] JE: Node rg1-rn1 started
2016-02-01 15:20:33.744 UTC INFOS [rg1-rn1] JE: Feeder manager accepting requests.
2016-02-01 15:20:33.744 UTC INFOS [rg1-rn1] JE: Joining group as master
2016-02-01 15:20:33.745 UTC INFOS [rg1-rn1] JE: Refreshed 0 monitors.
2016-02-01 15:20:33.745 UTC INFOS [rg1-rn1] Opened JE environment: 6.4.15 JVM max heap: 1 840 250 880 JE properties: allowCreate=true
cacheSize=1104150528
txnNoSync=false
txnWriteNoSync=false
{je.lock.timeout=10 s, je.cleaner.readSize=1048576, je.log.faultReadSize=4096, je.rep.consistencyPolicy=NoConsistencyRequiredPolicy, je.log.fileMax=1073741824, je.rep.feederTimeout=10 s, je.rep.nodeName=rg1-rn1, je.nodeMaxEntries=128, je.log.writeQueueSize=2097152, je.evictor.criticalPercentage=20, je.rep.electableGroupSizeOverride=0, je.env.runEvictor=true, je.log.iteratorReadSize=1048576, je.txn.durability=WRITE_NO_SYNC,WRITE_NO_SYNC,SIMPLE_MAJORITY, je.maxOffHeapMemory=0, je.checkpointer.bytesInterval=500000000, je.log.numBuffers=16, je.rep.nodeHostPort=pcj305:5006, je.rep.vlsn.distance=1000000, je.rep.txnRollbackLimit=10, je.rep.replayMaxOpenDbHandles=100, je.rep.ignoreSecondaryNodeId=true, je.maxMemory=0, je.cleaner.minUtilization=40, je.env.isTransactional=true, je.log.fileCacheSize=2000, je.rep.helperHosts=pcj305:5006, je.rep.preHeartbeatTimeoutMs=5000000000, je.rep.vlsn.logCacheSize=128, je.rep.replicaTimeout=10 s, je.lock.nLockTables=97, je.rep.nodeType=ELECTABLE, je.rep.envUnknownStateTimeout=10 s, je.rep.preserveRecordVersion=true, je.rep.groupName=rg1, je.rep.replicaAckTimeout=5 s, je.cleaner.threads=2}

2016-02-01 15:20:33.748 UTC INFOS [rg1-rn1] Local Environment version updated to: 12cR1.3.5.2 2015-12-03 08:34:31 UTC  Build id: 0c693aa1a5a0 Previous version:  none
2016-02-01 15:20:33.749 UTC INFOS [rg1-rn1] State change event: Mon Feb 01 16:20:33 CET 2016, State: MASTER, Type: ELECTABLE, Master: rg1-rn1
2016-02-01 15:20:33.749 UTC INFOS [rg1-rn1] MigrationStateTracker queue added:MASTER
2016-02-01 15:20:33.749 UTC INFOS [rg1-rn1] TableManagerStateTracker queue added:MASTER
2016-02-01 15:20:33.749 UTC INFOS [rg1-rn1] MasterBalanceStateTracker queue added:MASTER
2016-02-01 15:20:33.749 UTC INFOS [rg1-rn1] Replicated environment handle established. Cache size: 1104150528, State: MASTER
2016-02-01 15:20:33.750 UTC INFOS [rg1-rn1] Environment does not contain topology store.
2016-02-01 15:20:33.750 UTC INFOS [rg1-rn1] MasterBalanceStateTracker thread start: rg1-rn1
2016-02-01 15:20:33.750 UTC INFOS [rg1-rn1] TableManagerStateTracker thread start: rg1-rn1
2016-02-01 15:20:33.750 UTC INFOS [rg1-rn1] MigrationStateTracker thread start: null
2016-02-01 15:20:33.750 UTC INFOS [rg1-rn1] Topology needs to be pushed to this node.
2016-02-01 15:20:33.751 UTC INFOS [rg1-rn1] Migration manager change state to MASTER.
2016-02-01 15:20:33.751 UTC INFOS [rg1-rn1] Table manager change state to MASTER
2016-02-01 15:20:33.755 UTC INFOS [rg1-rn1] Migration service accepting requests.
2016-02-01 15:20:33.758 UTC INFOS [rg1-rn1] No RN Login configured. 
2016-02-01 15:20:33.758 UTC INFOS [rg1-rn1] Service status changed from STARTING to RUNNING
2016-02-01 15:20:34.649 UTC INFOS [admin1] [rg1-rn1] Service status: RUNNING 2016-02-01 15:20:33 UTC
2016-02-01 15:20:33.762 UTC INFOS [rg1-rn1] Started RepNodeService
2016-02-01 15:20:33.762 UTC INFOS [rg1-rn1] Topology not immediately available - waiting
2016-02-01 15:20:34.579 UTC INFOS [rg1-rn1] Topology updated from seq#: 0 to 4
2016-02-01 15:20:34.583 UTC INFOS [rg1-rn1] Environment changed, ignoring trigger for SecurityMetadata
2016-02-01 15:20:34.583 UTC INFOS [rg1-rn1] Open SecurityMetadata DB
2016-02-01 15:20:34.584 UTC INFOS [rg1-rn1] Established 0 partition database handles, topology seq#: 4
2016-02-01 15:20:34.585 UTC INFOS [rg1-rn1] Environment changed, ignoring trigger for TableMetadata
2016-02-01 15:20:34.585 UTC INFOS [rg1-rn1] Open TableMetadata DB
2016-02-01 15:20:34.587 UTC INFOS [rg1-rn1] Found 0 indexes and 0 tables marked for deletion in TableMetadata[0, 0, 0]
2016-02-01 15:20:34.588 UTC INFOS [rg1-rn1] Established 0 secondary database handles
2016-02-01 15:20:34.640 UTC INFOS [rg1-rn1] Topology stored seq#: 4
2016-02-01 15:20:34.657 UTC INFOS [admin1] Plan 4[Deploy KVStore]: task 5 [NewNthRNParameters] ended, state=SUCCEEDED
2016-02-01 15:20:34.657 UTC INFOS [admin1] Plan 4[Deploy KVStore]: task 6 [BroadcastTopo] started
2016-02-01 15:20:34.658 UTC INFOS [admin1] Broadcasting topology seq# 4, changes for BroadcastTopo
2016-02-01 15:20:34.662 UTC INFOS [admin1] Plan 4[Deploy KVStore]: task 6 [BroadcastTopo] ended, state=SUCCEEDED
2016-02-01 15:20:34.662 UTC INFOS [admin1] Plan 4[Deploy KVStore]: task 7 [BroadcastMetadata] started
2016-02-01 15:20:34.664 UTC INFOS [admin1] Plan 4[Deploy KVStore]: task 7 [BroadcastMetadata] ended, state=SUCCEEDED
2016-02-01 15:20:34.664 UTC INFOS [admin1] Plan 4[Deploy KVStore]: task 8 [AddPartitions totalPartitions = 10] started
2016-02-01 15:20:34.671 UTC INFOS [admin1] Broadcasting topology seq# 14, changes for Initializing new partitions
2016-02-01 15:20:34.699 UTC INFOS [admin1] Plan 4[Deploy KVStore]: task 8 [AddPartitions totalPartitions = 10] ended, state=SUCCEEDED
2016-02-01 15:20:34.699 UTC INFOS [admin1] PlanStateChange [id=4 name=Deploy KVStore state=SUCCEEDED at 2016-02-01 15:20:34 UTC numAttempts=1 : Plan finished.]
2016-02-01 15:20:34.700 UTC INFOS [admin1] Plan 4[Deploy KVStore]: ended, state=SUCCEEDED
2016-02-01 15:20:34.700 UTC INFOS [admin1] Waiting for Plan 4[Deploy KVStore] ended, state=SUCCEEDED
2016-02-01 15:20:33.367 UTC INFOS [sn1] admin1: Creating AdminService
2016-02-01 15:20:33.387 UTC INFOS [sn1] admin1: Created AdminService
2016-02-01 15:20:33.529 UTC INFOS [sn1] rg1-rn1: Creating RepNode
2016-02-01 15:20:33.554 UTC INFOS [sn1] rg1-rn1: Starting RepNode
2016-02-01 15:20:33.554 UTC INFOS [sn1] rg1-rn1: Started RepNode
2016-02-01 15:20:33.555 UTC INFOS [sn1] rg1-rn1: Configuring RepNode
2016-02-01 15:20:33.762 UTC INFOS [sn1] Thread returning for service rg1-rn1
2016-02-01 15:20:34.641 UTC INFOS [sn1] rg1-rn1: Created RepNode
2016-02-01 15:20:34.764 UTC INFOS [sn1] noteState called
2016-02-01 15:20:34.765 UTC INFOS [sn1] added:State RN:rg1-rn1 state: MASTER top seq num: 14
2016-02-01 15:20:34.765 UTC INFOS [sn1] sn: sn1 state transition: State RN:rg1-rn1 state: MASTER top seq num: 14 active masters:[rg1-rn1] active replicas:0 replica leases:0
2016-02-01 15:20:34.765 UTC INFOS [sn1] Acquiring initial topology from RNs
2016-02-01 15:20:34.768 UTC INFOS [sn1] Topology acquired from RN: rg1-rn1 Topo seq#: 14
2016-02-01 15:20:34.655 UTC INFOS [rg1-rn1] newParameters are identical to old parameters
2016-02-01 15:20:34.677 UTC INFOS [rg1-rn1] Topology incrementally updated from seq#: 4 to 14
2016-02-01 15:20:34.680 UTC INFOS [rg1-rn1] Found 0 indexes and 0 tables marked for deletion in TableMetadata[0, 0, 0]
2016-02-01 15:20:34.680 UTC INFOS [rg1-rn1] Established 0 secondary database handles
2016-02-01 15:20:34.686 UTC INFOS [rg1-rn1] Established 10 partition database handles, topology seq#: 14
2016-02-01 15:20:34.696 UTC INFOS [rg1-rn1] Topology stored seq#: 14
2016-02-01 15:20:34.772 UTC INFOS [rg1-rn1] Establishing RMI connection for admin DDL
2016-02-01 15:20:34.776 UTC INFOS [rg1-rn1] Establishing RMI connection for admin DDL
2016-02-01 15:20:34.777 UTC INFOS [rg1-rn1] Establishing RMI connection for admin DDL
