2016-02-01 15:20:33.563 UTC INFOS [rg1-rn1] JVM java.net.InetAddress properties: cache.ttl=-1 cache.negative.ttl=-1
2016-02-01 15:20:33.589 UTC INFOS [rg1-rn1] Thread[KV_rg1-rn1_RepNodeStateUpdateThread,5,RMI Runtime] started
2016-02-01 15:20:33.600 UTC INFOS [rg1-rn1] NoSQL version:12cR1.3.5.2 2015-12-03 08:34:31 UTC  Build id: 0c693aa1a5a0 JE version:6.4.15 Java version:1.7.0_79
2016-02-01 15:20:33.600 UTC INFOS [rg1-rn1] JVM Runtime maxMemory:1 797 120 kB JE cache size:0 kB Max Offheap cache size:0 kB
2016-02-01 15:20:33.601 UTC INFOS [rg1-rn1] Non-default JE properties for environment: {je.rep.vlsn.logCacheSize=128, je.rep.envUnknownStateTimeout=10 s, je.log.faultReadSize=4096, je.rep.vlsn.distance=1000000, je.rep.replicaTimeout=10 s, je.env.runEvictor=true, je.cleaner.minUtilization=40, je.rep.replicaAckTimeout=5 s, je.lock.nLockTables=97, je.cleaner.threads=2, je.rep.replayMaxOpenDbHandles=100, je.log.writeQueueSize=2097152, je.evictor.criticalPercentage=20, je.log.iteratorReadSize=1048576, je.log.numBuffers=16, je.rep.feederTimeout=10 s, je.nodeMaxEntries=128, je.lock.timeout=10 s, je.rep.preHeartbeatTimeoutMs=5000000000, je.rep.consistencyPolicy=NoConsistencyRequiredPolicy, je.checkpointer.bytesInterval=500000000, je.txn.durability=write_no_sync,write_no_sync,simple_majority, je.cleaner.readSize=1048576, je.rep.ignoreSecondaryNodeId=true, je.rep.txnRollbackLimit=10, je.log.fileCacheSize=2000, je.log.fileMax=1073741824}
2016-02-01 15:20:33.601 UTC INFOS [rg1-rn1] DataChannelFactory: basic
2016-02-01 15:20:33.602 UTC INFOS [rg1-rn1] Created new environment dir: ./kvroot/kvstore/sn1/rg1-rn1/env
2016-02-01 15:20:33.606 UTC INFOS [rg1-rn1] Table manager created
2016-02-01 15:20:33.608 UTC INFOS [rg1-rn1] Partition database cache mode: EVICT_LN
2016-02-01 15:20:33.616 UTC INFOS [rg1-rn1] Thread[KV_rg1-rn1_MetadataUpdateThread,5,RMI Runtime] started
2016-02-01 15:20:33.639 UTC INFOS [rg1-rn1] Starting RepNodeService
2016-02-01 15:20:33.640 UTC INFOS [rg1-rn1] Starting RN MonitorAgent.  Server socket factory:<ClearServerSocketFactory name=monitor backlog=0 port range=0,0> Client socket connect factory: <ClientSocketFactory name=kvstore|rn|monitor id=1512468721 connectMs=10000 readMs=10000>
2016-02-01 15:20:33.655 UTC INFOS [rg1-rn1] Starting MonitorAgent
2016-02-01 15:20:33.667 UTC INFOS [rg1-rn1] Successfully created secure proxy for the repnode admin
2016-02-01 15:20:33.680 UTC INFOS [rg1-rn1] RepNodeAdmin registered
2016-02-01 15:20:33.708 UTC INFOS [rg1-rn1] JE recovery: POPULATE_UTILIZATION_PROFILE
2016-02-01 15:20:33.710 UTC INFOS [rg1-rn1] JE recovery: REMOVE_TEMP_DBS
2016-02-01 15:20:33.712 UTC INFOS [rg1-rn1] JE recovery: CKPT
2016-02-01 15:20:33.720 UTC INFOS [rg1-rn1] JE recovery: RECOVERY_FINISHED
2016-02-01 15:20:33.726 UTC INFOS [rg1-rn1] JE: Started ServiceDispatcher. HostPort=pcj305:5006
2016-02-01 15:20:33.726 UTC INFOS [rg1-rn1] JE: DataChannel factory: com.sleepycat.je.rep.utilint.net.SimpleChannelFactory
2016-02-01 15:20:33.734 UTC INFOS [rg1-rn1] JE: Current group size: 0
2016-02-01 15:20:33.735 UTC INFOS [rg1-rn1] JE: New node rg1-rn1(-1) unknown to rep group
2016-02-01 15:20:33.735 UTC INFOS [rg1-rn1] JE: Master changed to rg1-rn1
2016-02-01 15:20:33.735 UTC INFOS [rg1-rn1] JE: Nascent group. rg1-rn1 is master by virtue of being the first node.
2016-02-01 15:20:33.741 UTC INFOS [rg1-rn1] JE: Successfully added node:rg1-rn1(1) HostPort = pcj305: 5006 [ELECTABLE]
2016-02-01 15:20:33.742 UTC INFOS [rg1-rn1] JE: Refreshed 0 monitors.
2016-02-01 15:20:33.743 UTC INFOS [rg1-rn1] JE recovery: BECOME_CONSISTENT
2016-02-01 15:20:33.744 UTC INFOS [rg1-rn1] JE: Node rg1-rn1 started
2016-02-01 15:20:33.744 UTC INFOS [rg1-rn1] JE: Feeder manager accepting requests.
2016-02-01 15:20:33.744 UTC INFOS [rg1-rn1] JE: Joining group as master
2016-02-01 15:20:33.745 UTC INFOS [rg1-rn1] JE: Refreshed 0 monitors.
2016-02-01 15:20:33.745 UTC INFOS [rg1-rn1] Opened JE environment: 6.4.15 JVM max heap: 1 840 250 880 JE properties: allowCreate=true
cacheSize=1104150528
txnNoSync=false
txnWriteNoSync=false
{je.lock.timeout=10 s, je.cleaner.readSize=1048576, je.log.faultReadSize=4096, je.rep.consistencyPolicy=NoConsistencyRequiredPolicy, je.log.fileMax=1073741824, je.rep.feederTimeout=10 s, je.rep.nodeName=rg1-rn1, je.nodeMaxEntries=128, je.log.writeQueueSize=2097152, je.evictor.criticalPercentage=20, je.rep.electableGroupSizeOverride=0, je.env.runEvictor=true, je.log.iteratorReadSize=1048576, je.txn.durability=WRITE_NO_SYNC,WRITE_NO_SYNC,SIMPLE_MAJORITY, je.maxOffHeapMemory=0, je.checkpointer.bytesInterval=500000000, je.log.numBuffers=16, je.rep.nodeHostPort=pcj305:5006, je.rep.vlsn.distance=1000000, je.rep.txnRollbackLimit=10, je.rep.replayMaxOpenDbHandles=100, je.rep.ignoreSecondaryNodeId=true, je.maxMemory=0, je.cleaner.minUtilization=40, je.env.isTransactional=true, je.log.fileCacheSize=2000, je.rep.helperHosts=pcj305:5006, je.rep.preHeartbeatTimeoutMs=5000000000, je.rep.vlsn.logCacheSize=128, je.rep.replicaTimeout=10 s, je.lock.nLockTables=97, je.rep.nodeType=ELECTABLE, je.rep.envUnknownStateTimeout=10 s, je.rep.preserveRecordVersion=true, je.rep.groupName=rg1, je.rep.replicaAckTimeout=5 s, je.cleaner.threads=2}

2016-02-01 15:20:33.748 UTC INFOS [rg1-rn1] Local Environment version updated to: 12cR1.3.5.2 2015-12-03 08:34:31 UTC  Build id: 0c693aa1a5a0 Previous version:  none
2016-02-01 15:20:33.749 UTC INFOS [rg1-rn1] State change event: Mon Feb 01 16:20:33 CET 2016, State: MASTER, Type: ELECTABLE, Master: rg1-rn1
2016-02-01 15:20:33.749 UTC INFOS [rg1-rn1] MigrationStateTracker queue added:MASTER
2016-02-01 15:20:33.749 UTC INFOS [rg1-rn1] TableManagerStateTracker queue added:MASTER
2016-02-01 15:20:33.749 UTC INFOS [rg1-rn1] MasterBalanceStateTracker queue added:MASTER
2016-02-01 15:20:33.749 UTC INFOS [rg1-rn1] Replicated environment handle established. Cache size: 1104150528, State: MASTER
2016-02-01 15:20:33.750 UTC INFOS [rg1-rn1] Environment does not contain topology store.
2016-02-01 15:20:33.750 UTC INFOS [rg1-rn1] MasterBalanceStateTracker thread start: rg1-rn1
2016-02-01 15:20:33.750 UTC INFOS [rg1-rn1] TableManagerStateTracker thread start: rg1-rn1
2016-02-01 15:20:33.750 UTC INFOS [rg1-rn1] MigrationStateTracker thread start: null
2016-02-01 15:20:33.750 UTC INFOS [rg1-rn1] Topology needs to be pushed to this node.
2016-02-01 15:20:33.751 UTC INFOS [rg1-rn1] Migration manager change state to MASTER.
2016-02-01 15:20:33.751 UTC INFOS [rg1-rn1] Table manager change state to MASTER
2016-02-01 15:20:33.755 UTC INFOS [rg1-rn1] Migration service accepting requests.
2016-02-01 15:20:33.758 UTC INFOS [rg1-rn1] No RN Login configured. 
2016-02-01 15:20:33.758 UTC INFOS [rg1-rn1] Service status changed from STARTING to RUNNING
2016-02-01 15:20:33.762 UTC INFOS [rg1-rn1] Started RepNodeService
2016-02-01 15:20:33.762 UTC INFOS [rg1-rn1] Topology not immediately available - waiting
2016-02-01 15:20:34.579 UTC INFOS [rg1-rn1] Topology updated from seq#: 0 to 4
2016-02-01 15:20:34.583 UTC INFOS [rg1-rn1] Environment changed, ignoring trigger for SecurityMetadata
2016-02-01 15:20:34.583 UTC INFOS [rg1-rn1] Open SecurityMetadata DB
2016-02-01 15:20:34.584 UTC INFOS [rg1-rn1] Established 0 partition database handles, topology seq#: 4
2016-02-01 15:20:34.585 UTC INFOS [rg1-rn1] Environment changed, ignoring trigger for TableMetadata
2016-02-01 15:20:34.585 UTC INFOS [rg1-rn1] Open TableMetadata DB
2016-02-01 15:20:34.587 UTC INFOS [rg1-rn1] Found 0 indexes and 0 tables marked for deletion in TableMetadata[0, 0, 0]
2016-02-01 15:20:34.588 UTC INFOS [rg1-rn1] Established 0 secondary database handles
2016-02-01 15:20:34.640 UTC INFOS [rg1-rn1] Topology stored seq#: 4
2016-02-01 15:20:34.655 UTC INFOS [rg1-rn1] newParameters are identical to old parameters
2016-02-01 15:20:34.677 UTC INFOS [rg1-rn1] Topology incrementally updated from seq#: 4 to 14
2016-02-01 15:20:34.680 UTC INFOS [rg1-rn1] Found 0 indexes and 0 tables marked for deletion in TableMetadata[0, 0, 0]
2016-02-01 15:20:34.680 UTC INFOS [rg1-rn1] Established 0 secondary database handles
2016-02-01 15:20:34.686 UTC INFOS [rg1-rn1] Established 10 partition database handles, topology seq#: 14
2016-02-01 15:20:34.696 UTC INFOS [rg1-rn1] Topology stored seq#: 14
2016-02-01 15:20:34.772 UTC INFOS [rg1-rn1] Establishing RMI connection for admin DDL
2016-02-01 15:20:34.776 UTC INFOS [rg1-rn1] Establishing RMI connection for admin DDL
2016-02-01 15:20:34.777 UTC INFOS [rg1-rn1] Establishing RMI connection for admin DDL
