2016-02-01 15:20:33.260 UTC INFOS [sn1] Starting StorageNodeAgent for kvstore
2016-02-01 15:20:33.273 UTC INFOS [sn1] Started MasterRebalanceThread
2016-02-01 15:20:33.279 UTC INFOS [sn1] Starting MonitorAgent.  Server socket factory:<ClearServerSocketFactory name=main backlog=0 port range=0,0> Client socket factory:<ClientSocketFactory name=kvstore|sn|monitor id=1002105034 connectMs=10000 readMs=5000>
2016-02-01 15:20:33.286 UTC INFOS [sn1] Successfully created secure proxy for the storage node agent
2016-02-01 15:20:33.289 UTC INFOS [sn1] Rebound to registry port 5000 using name sn1 with SSF:<ClearServerSocketFactory name=main backlog=0 port range=0,0>
2016-02-01 15:20:33.290 UTC INFOS [sn1] Service status changed from STARTING to RUNNING
2016-02-01 15:20:33.290 UTC INFOS [sn1] Started StorageNodeAgent for kvstore
2016-02-01 15:20:33.367 UTC INFOS [sn1] admin1: Creating AdminService
2016-02-01 15:20:33.387 UTC INFOS [sn1] admin1: Created AdminService
2016-02-01 15:20:33.529 UTC INFOS [sn1] rg1-rn1: Creating RepNode
2016-02-01 15:20:33.554 UTC INFOS [sn1] rg1-rn1: Starting RepNode
2016-02-01 15:20:33.554 UTC INFOS [sn1] rg1-rn1: Started RepNode
2016-02-01 15:20:33.555 UTC INFOS [sn1] rg1-rn1: Configuring RepNode
2016-02-01 15:20:33.762 UTC INFOS [sn1] Thread returning for service rg1-rn1
2016-02-01 15:20:34.641 UTC INFOS [sn1] rg1-rn1: Created RepNode
2016-02-01 15:20:34.764 UTC INFOS [sn1] noteState called
2016-02-01 15:20:34.765 UTC INFOS [sn1] added:State RN:rg1-rn1 state: MASTER top seq num: 14
2016-02-01 15:20:34.765 UTC INFOS [sn1] sn: sn1 state transition: State RN:rg1-rn1 state: MASTER top seq num: 14 active masters:[rg1-rn1] active replicas:0 replica leases:0
2016-02-01 15:20:34.765 UTC INFOS [sn1] Acquiring initial topology from RNs
2016-02-01 15:20:34.768 UTC INFOS [sn1] Topology acquired from RN: rg1-rn1 Topo seq#: 14
